  Figure.cpp
Figure.cpp(49): warning C4244: '인수': 'int'에서 'float'(으)로 변환하면서 데이터가 손실될 수 있습니다.
Figure.cpp(87): warning C4244: '인수': 'int'에서 'float'(으)로 변환하면서 데이터가 손실될 수 있습니다.
Figure.cpp(116): warning C4244: '인수': 'int'에서 'float'(으)로 변환하면서 데이터가 손실될 수 있습니다.
  MFCApplication3View.cpp
MFCApplication3View.cpp(154): warning C4244: '=': 'int'에서 'float'(으)로 변환하면서 데이터가 손실될 수 있습니다.
MFCApplication3View.cpp(155): warning C4244: '=': 'int'에서 'float'(으)로 변환하면서 데이터가 손실될 수 있습니다.
MFCApplication3View.cpp(156): warning C4244: '=': 'LONG'에서 'float'(으)로 변환하면서 데이터가 손실될 수 있습니다.
MFCApplication3View.cpp(157): warning C4244: '=': 'LONG'에서 'float'(으)로 변환하면서 데이터가 손실될 수 있습니다.
MFCApplication3View.cpp(176): warning C4244: '인수': 'double'에서 'int'(으)로 변환하면서 데이터가 손실될 수 있습니다.
MFCApplication3View.cpp(208): warning C4244: '인수': 'float'에서 'int'(으)로 변환하면서 데이터가 손실될 수 있습니다.
MFCApplication3View.cpp(286): warning C4244: '인수': 'int'에서 'float'(으)로 변환하면서 데이터가 손실될 수 있습니다.
MFCApplication3View.cpp(401): warning C4244: '인수': 'float'에서 'long'(으)로 변환하면서 데이터가 손실될 수 있습니다.
MFCApplication3View.cpp(401): warning C4244: '인수': 'float'에서 'int'(으)로 변환하면서 데이터가 손실될 수 있습니다.
MFCApplication3View.cpp(980): warning C4244: '인수': 'int'에서 'float'(으)로 변환하면서 데이터가 손실될 수 있습니다.
MFCApplication3View.cpp(1094): warning C4244: '인수': 'float'에서 'long'(으)로 변환하면서 데이터가 손실될 수 있습니다.
MFCApplication3View.cpp(1094): warning C4244: '인수': 'float'에서 'int'(으)로 변환하면서 데이터가 손실될 수 있습니다.
MFCApplication3View.cpp(1468): warning C4244: '인수': 'float'에서 'int'(으)로 변환하면서 데이터가 손실될 수 있습니다.
MFCApplication3View.cpp(1469): warning C4244: '인수': 'float'에서 'int'(으)로 변환하면서 데이터가 손실될 수 있습니다.
MFCApplication3View.cpp(1472): warning C4244: '인수': 'float'에서 'int'(으)로 변환하면서 데이터가 손실될 수 있습니다.
MFCApplication3View.cpp(1476): warning C4244: '인수': 'float'에서 'int'(으)로 변환하면서 데이터가 손실될 수 있습니다.
MFCApplication3View.cpp(1478): warning C4244: '인수': 'float'에서 'int'(으)로 변환하면서 데이터가 손실될 수 있습니다.
MFCApplication3View.cpp(1483): warning C4244: '인수': 'float'에서 'int'(으)로 변환하면서 데이터가 손실될 수 있습니다.
MFCApplication3View.cpp(1484): warning C4244: '인수': 'float'에서 'int'(으)로 변환하면서 데이터가 손실될 수 있습니다.
MFCApplication3View.cpp(1487): warning C4244: '인수': 'float'에서 'int'(으)로 변환하면서 데이터가 손실될 수 있습니다.
MFCApplication3View.cpp(1491): warning C4244: '인수': 'float'에서 'int'(으)로 변환하면서 데이터가 손실될 수 있습니다.
MFCApplication3View.cpp(1493): warning C4244: '인수': 'float'에서 'int'(으)로 변환하면서 데이터가 손실될 수 있습니다.
MFCApplication3View.cpp(1498): warning C4244: '인수': 'float'에서 'int'(으)로 변환하면서 데이터가 손실될 수 있습니다.
MFCApplication3View.cpp(1499): warning C4244: '인수': 'float'에서 'int'(으)로 변환하면서 데이터가 손실될 수 있습니다.
MFCApplication3View.cpp(1502): warning C4244: '인수': 'float'에서 'int'(으)로 변환하면서 데이터가 손실될 수 있습니다.
MFCApplication3View.cpp(1506): warning C4244: '인수': 'float'에서 'int'(으)로 변환하면서 데이터가 손실될 수 있습니다.
MFCApplication3View.cpp(1508): warning C4244: '인수': 'float'에서 'int'(으)로 변환하면서 데이터가 손실될 수 있습니다.
MFCApplication3View.cpp(1519): warning C4244: '인수': 'float'에서 'int'(으)로 변환하면서 데이터가 손실될 수 있습니다.
MFCApplication3View.cpp(1520): warning C4244: '인수': 'float'에서 'int'(으)로 변환하면서 데이터가 손실될 수 있습니다.
MFCApplication3View.cpp(1523): warning C4244: '인수': 'float'에서 'int'(으)로 변환하면서 데이터가 손실될 수 있습니다.
MFCApplication3View.cpp(1527): warning C4244: '인수': 'float'에서 'int'(으)로 변환하면서 데이터가 손실될 수 있습니다.
MFCApplication3View.cpp(1529): warning C4244: '인수': 'float'에서 'int'(으)로 변환하면서 데이터가 손실될 수 있습니다.
MFCApplication3View.cpp(1541): warning C4244: '인수': 'float'에서 'int'(으)로 변환하면서 데이터가 손실될 수 있습니다.
MFCApplication3View.cpp(1542): warning C4244: '인수': 'float'에서 'int'(으)로 변환하면서 데이터가 손실될 수 있습니다.
MFCApplication3View.cpp(1545): warning C4244: '인수': 'float'에서 'int'(으)로 변환하면서 데이터가 손실될 수 있습니다.
MFCApplication3View.cpp(1549): warning C4244: '인수': 'float'에서 'int'(으)로 변환하면서 데이터가 손실될 수 있습니다.
MFCApplication3View.cpp(1551): warning C4244: '인수': 'float'에서 'int'(으)로 변환하면서 데이터가 손실될 수 있습니다.
MFCApplication3View.cpp(1563): warning C4244: '인수': 'float'에서 'int'(으)로 변환하면서 데이터가 손실될 수 있습니다.
MFCApplication3View.cpp(1564): warning C4244: '인수': 'float'에서 'int'(으)로 변환하면서 데이터가 손실될 수 있습니다.
MFCApplication3View.cpp(1567): warning C4244: '인수': 'float'에서 'int'(으)로 변환하면서 데이터가 손실될 수 있습니다.
MFCApplication3View.cpp(1571): warning C4244: '인수': 'float'에서 'int'(으)로 변환하면서 데이터가 손실될 수 있습니다.
MFCApplication3View.cpp(1573): warning C4244: '인수': 'float'에서 'int'(으)로 변환하면서 데이터가 손실될 수 있습니다.
MFCApplication3View.cpp(1588): warning C4244: '인수': 'float'에서 'int'(으)로 변환하면서 데이터가 손실될 수 있습니다.
MFCApplication3View.cpp(1589): warning C4244: '인수': 'float'에서 'int'(으)로 변환하면서 데이터가 손실될 수 있습니다.
MFCApplication3View.cpp(1592): warning C4244: '인수': 'float'에서 'int'(으)로 변환하면서 데이터가 손실될 수 있습니다.
MFCApplication3View.cpp(1596): warning C4244: '인수': 'float'에서 'int'(으)로 변환하면서 데이터가 손실될 수 있습니다.
MFCApplication3View.cpp(1598): warning C4244: '인수': 'float'에서 'int'(으)로 변환하면서 데이터가 손실될 수 있습니다.
MFCApplication3View.cpp(1603): warning C4244: '인수': 'float'에서 'int'(으)로 변환하면서 데이터가 손실될 수 있습니다.
MFCApplication3View.cpp(1604): warning C4244: '인수': 'float'에서 'int'(으)로 변환하면서 데이터가 손실될 수 있습니다.
MFCApplication3View.cpp(1607): warning C4244: '인수': 'float'에서 'int'(으)로 변환하면서 데이터가 손실될 수 있습니다.
MFCApplication3View.cpp(1611): warning C4244: '인수': 'float'에서 'int'(으)로 변환하면서 데이터가 손실될 수 있습니다.
MFCApplication3View.cpp(1613): warning C4244: '인수': 'float'에서 'int'(으)로 변환하면서 데이터가 손실될 수 있습니다.
MFCApplication3View.cpp(1618): warning C4244: '인수': 'float'에서 'int'(으)로 변환하면서 데이터가 손실될 수 있습니다.
MFCApplication3View.cpp(1619): warning C4244: '인수': 'float'에서 'int'(으)로 변환하면서 데이터가 손실될 수 있습니다.
MFCApplication3View.cpp(1622): warning C4244: '인수': 'float'에서 'int'(으)로 변환하면서 데이터가 손실될 수 있습니다.
MFCApplication3View.cpp(1626): warning C4244: '인수': 'float'에서 'int'(으)로 변환하면서 데이터가 손실될 수 있습니다.
MFCApplication3View.cpp(1628): warning C4244: '인수': 'float'에서 'int'(으)로 변환하면서 데이터가 손실될 수 있습니다.
MFCApplication3View.cpp(1639): warning C4244: '인수': 'float'에서 'int'(으)로 변환하면서 데이터가 손실될 수 있습니다.
MFCApplication3View.cpp(1640): warning C4244: '인수': 'float'에서 'int'(으)로 변환하면서 데이터가 손실될 수 있습니다.
MFCApplication3View.cpp(1643): warning C4244: '인수': 'float'에서 'int'(으)로 변환하면서 데이터가 손실될 수 있습니다.
MFCApplication3View.cpp(1647): warning C4244: '인수': 'float'에서 'int'(으)로 변환하면서 데이터가 손실될 수 있습니다.
MFCApplication3View.cpp(1649): warning C4244: '인수': 'float'에서 'int'(으)로 변환하면서 데이터가 손실될 수 있습니다.
MFCApplication3View.cpp(1661): warning C4244: '인수': 'float'에서 'int'(으)로 변환하면서 데이터가 손실될 수 있습니다.
MFCApplication3View.cpp(1662): warning C4244: '인수': 'float'에서 'int'(으)로 변환하면서 데이터가 손실될 수 있습니다.
MFCApplication3View.cpp(1665): warning C4244: '인수': 'float'에서 'int'(으)로 변환하면서 데이터가 손실될 수 있습니다.
MFCApplication3View.cpp(1669): warning C4244: '인수': 'float'에서 'int'(으)로 변환하면서 데이터가 손실될 수 있습니다.
MFCApplication3View.cpp(1671): warning C4244: '인수': 'float'에서 'int'(으)로 변환하면서 데이터가 손실될 수 있습니다.
MFCApplication3View.cpp(1683): warning C4244: '인수': 'float'에서 'int'(으)로 변환하면서 데이터가 손실될 수 있습니다.
MFCApplication3View.cpp(1684): warning C4244: '인수': 'float'에서 'int'(으)로 변환하면서 데이터가 손실될 수 있습니다.
MFCApplication3View.cpp(1687): warning C4244: '인수': 'float'에서 'int'(으)로 변환하면서 데이터가 손실될 수 있습니다.
MFCApplication3View.cpp(1691): warning C4244: '인수': 'float'에서 'int'(으)로 변환하면서 데이터가 손실될 수 있습니다.
MFCApplication3View.cpp(1693): warning C4244: '인수': 'float'에서 'int'(으)로 변환하면서 데이터가 손실될 수 있습니다.
MFCApplication3View.cpp(1810): warning C4244: '인수': 'float'에서 'int'(으)로 변환하면서 데이터가 손실될 수 있습니다.
MFCApplication3View.cpp(1813): warning C4244: '인수': 'float'에서 'int'(으)로 변환하면서 데이터가 손실될 수 있습니다.
MFCApplication3View.cpp(1814): warning C4244: '인수': 'float'에서 'int'(으)로 변환하면서 데이터가 손실될 수 있습니다.
MFCApplication3View.cpp(1818): warning C4244: '인수': 'float'에서 'int'(으)로 변환하면서 데이터가 손실될 수 있습니다.
MFCApplication3View.cpp(1819): warning C4244: '인수': 'float'에서 'int'(으)로 변환하면서 데이터가 손실될 수 있습니다.
MFCApplication3View.cpp(1821): warning C4244: '인수': 'float'에서 'int'(으)로 변환하면서 데이터가 손실될 수 있습니다.
MFCApplication3View.cpp(1830): warning C4244: '인수': 'float'에서 'int'(으)로 변환하면서 데이터가 손실될 수 있습니다.
MFCApplication3View.cpp(1833): warning C4244: '인수': 'float'에서 'int'(으)로 변환하면서 데이터가 손실될 수 있습니다.
MFCApplication3View.cpp(1834): warning C4244: '인수': 'float'에서 'int'(으)로 변환하면서 데이터가 손실될 수 있습니다.
MFCApplication3View.cpp(1838): warning C4244: '인수': 'float'에서 'int'(으)로 변환하면서 데이터가 손실될 수 있습니다.
MFCApplication3View.cpp(1839): warning C4244: '인수': 'float'에서 'int'(으)로 변환하면서 데이터가 손실될 수 있습니다.
MFCApplication3View.cpp(1841): warning C4244: '인수': 'float'에서 'int'(으)로 변환하면서 데이터가 손실될 수 있습니다.
MFCApplication3View.cpp(1849): warning C4244: '인수': 'float'에서 'int'(으)로 변환하면서 데이터가 손실될 수 있습니다.
MFCApplication3View.cpp(1852): warning C4244: '인수': 'float'에서 'int'(으)로 변환하면서 데이터가 손실될 수 있습니다.
MFCApplication3View.cpp(1853): warning C4244: '인수': 'float'에서 'int'(으)로 변환하면서 데이터가 손실될 수 있습니다.
MFCApplication3View.cpp(1857): warning C4244: '인수': 'float'에서 'int'(으)로 변환하면서 데이터가 손실될 수 있습니다.
MFCApplication3View.cpp(1858): warning C4244: '인수': 'float'에서 'int'(으)로 변환하면서 데이터가 손실될 수 있습니다.
MFCApplication3View.cpp(1860): warning C4244: '인수': 'float'에서 'int'(으)로 변환하면서 데이터가 손실될 수 있습니다.
MFCApplication3View.cpp(1868): warning C4244: '인수': 'float'에서 'int'(으)로 변환하면서 데이터가 손실될 수 있습니다.
MFCApplication3View.cpp(1871): warning C4244: '인수': 'float'에서 'int'(으)로 변환하면서 데이터가 손실될 수 있습니다.
MFCApplication3View.cpp(1872): warning C4244: '인수': 'float'에서 'int'(으)로 변환하면서 데이터가 손실될 수 있습니다.
MFCApplication3View.cpp(1876): warning C4244: '인수': 'float'에서 'int'(으)로 변환하면서 데이터가 손실될 수 있습니다.
MFCApplication3View.cpp(1877): warning C4244: '인수': 'float'에서 'int'(으)로 변환하면서 데이터가 손실될 수 있습니다.
MFCApplication3View.cpp(1879): warning C4244: '인수': 'float'에서 'int'(으)로 변환하면서 데이터가 손실될 수 있습니다.
MFCApplication3View.cpp(1943): warning C4244: '인수': 'int'에서 'float'(으)로 변환하면서 데이터가 손실될 수 있습니다.
MFCApplication3View.cpp(2094): warning C4244: '인수': 'float'에서 'long'(으)로 변환하면서 데이터가 손실될 수 있습니다.
MFCApplication3View.cpp(2094): warning C4244: '인수': 'float'에서 'int'(으)로 변환하면서 데이터가 손실될 수 있습니다.
MFCApplication3View.cpp(2312): warning C4244: '인수': 'float'에서 'int'(으)로 변환하면서 데이터가 손실될 수 있습니다.
MFCApplication3View.cpp(2313): warning C4244: '인수': 'float'에서 'int'(으)로 변환하면서 데이터가 손실될 수 있습니다.
MFCApplication3View.cpp(2314): warning C4244: '인수': 'float'에서 'int'(으)로 변환하면서 데이터가 손실될 수 있습니다.
MFCApplication3View.cpp(2315): warning C4244: '인수': 'float'에서 'int'(으)로 변환하면서 데이터가 손실될 수 있습니다.
MFCApplication3View.cpp(2323): warning C4244: '인수': 'float'에서 'int'(으)로 변환하면서 데이터가 손실될 수 있습니다.
MFCApplication3View.cpp(2324): warning C4244: '인수': 'float'에서 'int'(으)로 변환하면서 데이터가 손실될 수 있습니다.
MFCApplication3View.cpp(2325): warning C4244: '인수': 'float'에서 'int'(으)로 변환하면서 데이터가 손실될 수 있습니다.
MFCApplication3View.cpp(2326): warning C4244: '인수': 'float'에서 'int'(으)로 변환하면서 데이터가 손실될 수 있습니다.
MFCApplication3View.cpp(2343): warning C4244: '인수': 'float'에서 'int'(으)로 변환하면서 데이터가 손실될 수 있습니다.
MFCApplication3View.cpp(2344): warning C4244: '인수': 'float'에서 'int'(으)로 변환하면서 데이터가 손실될 수 있습니다.
MFCApplication3View.cpp(2345): warning C4244: '인수': 'float'에서 'int'(으)로 변환하면서 데이터가 손실될 수 있습니다.
MFCApplication3View.cpp(2346): warning C4244: '인수': 'float'에서 'int'(으)로 변환하면서 데이터가 손실될 수 있습니다.
MFCApplication3View.cpp(2354): warning C4244: '인수': 'float'에서 'int'(으)로 변환하면서 데이터가 손실될 수 있습니다.
MFCApplication3View.cpp(2355): warning C4244: '인수': 'float'에서 'int'(으)로 변환하면서 데이터가 손실될 수 있습니다.
MFCApplication3View.cpp(2356): warning C4244: '인수': 'float'에서 'int'(으)로 변환하면서 데이터가 손실될 수 있습니다.
MFCApplication3View.cpp(2357): warning C4244: '인수': 'float'에서 'int'(으)로 변환하면서 데이터가 손실될 수 있습니다.
MFCApplication3View.cpp(2369): warning C4244: '인수': 'float'에서 'int'(으)로 변환하면서 데이터가 손실될 수 있습니다.
MFCApplication3View.cpp(2370): warning C4244: '인수': 'float'에서 'int'(으)로 변환하면서 데이터가 손실될 수 있습니다.
MFCApplication3View.cpp(2371): warning C4244: '인수': 'float'에서 'int'(으)로 변환하면서 데이터가 손실될 수 있습니다.
MFCApplication3View.cpp(2372): warning C4244: '인수': 'float'에서 'int'(으)로 변환하면서 데이터가 손실될 수 있습니다.
MFCApplication3View.cpp(2380): warning C4244: '인수': 'float'에서 'int'(으)로 변환하면서 데이터가 손실될 수 있습니다.
MFCApplication3View.cpp(2381): warning C4244: '인수': 'float'에서 'int'(으)로 변환하면서 데이터가 손실될 수 있습니다.
MFCApplication3View.cpp(2382): warning C4244: '인수': 'float'에서 'int'(으)로 변환하면서 데이터가 손실될 수 있습니다.
MFCApplication3View.cpp(2383): warning C4244: '인수': 'float'에서 'int'(으)로 변환하면서 데이터가 손실될 수 있습니다.
MFCApplication3View.cpp(2398): warning C4244: '인수': 'float'에서 'int'(으)로 변환하면서 데이터가 손실될 수 있습니다.
MFCApplication3View.cpp(2399): warning C4244: '인수': 'float'에서 'int'(으)로 변환하면서 데이터가 손실될 수 있습니다.
MFCApplication3View.cpp(2400): warning C4244: '인수': 'float'에서 'int'(으)로 변환하면서 데이터가 손실될 수 있습니다.
MFCApplication3View.cpp(2401): warning C4244: '인수': 'float'에서 'int'(으)로 변환하면서 데이터가 손실될 수 있습니다.
MFCApplication3View.cpp(2409): warning C4244: '인수': 'float'에서 'int'(으)로 변환하면서 데이터가 손실될 수 있습니다.
MFCApplication3View.cpp(2410): warning C4244: '인수': 'float'에서 'int'(으)로 변환하면서 데이터가 손실될 수 있습니다.
MFCApplication3View.cpp(2411): warning C4244: '인수': 'float'에서 'int'(으)로 변환하면서 데이터가 손실될 수 있습니다.
MFCApplication3View.cpp(2412): warning C4244: '인수': 'float'에서 'int'(으)로 변환하면서 데이터가 손실될 수 있습니다.
MFCApplication3View.cpp(2424): warning C4244: '인수': 'float'에서 'int'(으)로 변환하면서 데이터가 손실될 수 있습니다.
MFCApplication3View.cpp(2425): warning C4244: '인수': 'float'에서 'int'(으)로 변환하면서 데이터가 손실될 수 있습니다.
MFCApplication3View.cpp(2426): warning C4244: '인수': 'float'에서 'int'(으)로 변환하면서 데이터가 손실될 수 있습니다.
MFCApplication3View.cpp(2427): warning C4244: '인수': 'float'에서 'int'(으)로 변환하면서 데이터가 손실될 수 있습니다.
MFCApplication3View.cpp(2435): warning C4244: '인수': 'float'에서 'int'(으)로 변환하면서 데이터가 손실될 수 있습니다.
MFCApplication3View.cpp(2436): warning C4244: '인수': 'float'에서 'int'(으)로 변환하면서 데이터가 손실될 수 있습니다.
MFCApplication3View.cpp(2437): warning C4244: '인수': 'float'에서 'int'(으)로 변환하면서 데이터가 손실될 수 있습니다.
MFCApplication3View.cpp(2438): warning C4244: '인수': 'float'에서 'int'(으)로 변환하면서 데이터가 손실될 수 있습니다.
MFCApplication3View.cpp(2454): warning C4244: '인수': 'float'에서 'int'(으)로 변환하면서 데이터가 손실될 수 있습니다.
MFCApplication3View.cpp(2455): warning C4244: '인수': 'float'에서 'int'(으)로 변환하면서 데이터가 손실될 수 있습니다.
MFCApplication3View.cpp(2456): warning C4244: '인수': 'float'에서 'int'(으)로 변환하면서 데이터가 손실될 수 있습니다.
MFCApplication3View.cpp(2457): warning C4244: '인수': 'float'에서 'int'(으)로 변환하면서 데이터가 손실될 수 있습니다.
MFCApplication3View.cpp(2465): warning C4244: '인수': 'float'에서 'int'(으)로 변환하면서 데이터가 손실될 수 있습니다.
MFCApplication3View.cpp(2466): warning C4244: '인수': 'float'에서 'int'(으)로 변환하면서 데이터가 손실될 수 있습니다.
MFCApplication3View.cpp(2467): warning C4244: '인수': 'float'에서 'int'(으)로 변환하면서 데이터가 손실될 수 있습니다.
MFCApplication3View.cpp(2468): warning C4244: '인수': 'float'에서 'int'(으)로 변환하면서 데이터가 손실될 수 있습니다.
MFCApplication3View.cpp(2487): warning C4244: '인수': 'float'에서 'int'(으)로 변환하면서 데이터가 손실될 수 있습니다.
MFCApplication3View.cpp(2488): warning C4244: '인수': 'float'에서 'int'(으)로 변환하면서 데이터가 손실될 수 있습니다.
MFCApplication3View.cpp(2489): warning C4244: '인수': 'float'에서 'int'(으)로 변환하면서 데이터가 손실될 수 있습니다.
MFCApplication3View.cpp(2490): warning C4244: '인수': 'float'에서 'int'(으)로 변환하면서 데이터가 손실될 수 있습니다.
MFCApplication3View.cpp(2498): warning C4244: '인수': 'float'에서 'int'(으)로 변환하면서 데이터가 손실될 수 있습니다.
MFCApplication3View.cpp(2499): warning C4244: '인수': 'float'에서 'int'(으)로 변환하면서 데이터가 손실될 수 있습니다.
MFCApplication3View.cpp(2500): warning C4244: '인수': 'float'에서 'int'(으)로 변환하면서 데이터가 손실될 수 있습니다.
MFCApplication3View.cpp(2501): warning C4244: '인수': 'float'에서 'int'(으)로 변환하면서 데이터가 손실될 수 있습니다.
MFCApplication3View.cpp(2513): warning C4244: '인수': 'float'에서 'int'(으)로 변환하면서 데이터가 손실될 수 있습니다.
MFCApplication3View.cpp(2514): warning C4244: '인수': 'float'에서 'int'(으)로 변환하면서 데이터가 손실될 수 있습니다.
MFCApplication3View.cpp(2515): warning C4244: '인수': 'float'에서 'int'(으)로 변환하면서 데이터가 손실될 수 있습니다.
MFCApplication3View.cpp(2516): warning C4244: '인수': 'float'에서 'int'(으)로 변환하면서 데이터가 손실될 수 있습니다.
MFCApplication3View.cpp(2524): warning C4244: '인수': 'float'에서 'int'(으)로 변환하면서 데이터가 손실될 수 있습니다.
MFCApplication3View.cpp(2525): warning C4244: '인수': 'float'에서 'int'(으)로 변환하면서 데이터가 손실될 수 있습니다.
MFCApplication3View.cpp(2526): warning C4244: '인수': 'float'에서 'int'(으)로 변환하면서 데이터가 손실될 수 있습니다.
MFCApplication3View.cpp(2527): warning C4244: '인수': 'float'에서 'int'(으)로 변환하면서 데이터가 손실될 수 있습니다.
MFCApplication3View.cpp(2542): warning C4244: '인수': 'float'에서 'int'(으)로 변환하면서 데이터가 손실될 수 있습니다.
MFCApplication3View.cpp(2543): warning C4244: '인수': 'float'에서 'int'(으)로 변환하면서 데이터가 손실될 수 있습니다.
MFCApplication3View.cpp(2544): warning C4244: '인수': 'float'에서 'int'(으)로 변환하면서 데이터가 손실될 수 있습니다.
MFCApplication3View.cpp(2545): warning C4244: '인수': 'float'에서 'int'(으)로 변환하면서 데이터가 손실될 수 있습니다.
MFCApplication3View.cpp(2553): warning C4244: '인수': 'float'에서 'int'(으)로 변환하면서 데이터가 손실될 수 있습니다.
MFCApplication3View.cpp(2554): warning C4244: '인수': 'float'에서 'int'(으)로 변환하면서 데이터가 손실될 수 있습니다.
MFCApplication3View.cpp(2555): warning C4244: '인수': 'float'에서 'int'(으)로 변환하면서 데이터가 손실될 수 있습니다.
MFCApplication3View.cpp(2556): warning C4244: '인수': 'float'에서 'int'(으)로 변환하면서 데이터가 손실될 수 있습니다.
MFCApplication3View.cpp(2568): warning C4244: '인수': 'float'에서 'int'(으)로 변환하면서 데이터가 손실될 수 있습니다.
MFCApplication3View.cpp(2569): warning C4244: '인수': 'float'에서 'int'(으)로 변환하면서 데이터가 손실될 수 있습니다.
MFCApplication3View.cpp(2570): warning C4244: '인수': 'float'에서 'int'(으)로 변환하면서 데이터가 손실될 수 있습니다.
MFCApplication3View.cpp(2571): warning C4244: '인수': 'float'에서 'int'(으)로 변환하면서 데이터가 손실될 수 있습니다.
MFCApplication3View.cpp(2579): warning C4244: '인수': 'float'에서 'int'(으)로 변환하면서 데이터가 손실될 수 있습니다.
MFCApplication3View.cpp(2580): warning C4244: '인수': 'float'에서 'int'(으)로 변환하면서 데이터가 손실될 수 있습니다.
MFCApplication3View.cpp(2581): warning C4244: '인수': 'float'에서 'int'(으)로 변환하면서 데이터가 손실될 수 있습니다.
MFCApplication3View.cpp(2582): warning C4244: '인수': 'float'에서 'int'(으)로 변환하면서 데이터가 손실될 수 있습니다.
MFCApplication3View.cpp(2753): warning C4244: '인수': 'float'에서 'int'(으)로 변환하면서 데이터가 손실될 수 있습니다.
MFCApplication3View.cpp(2754): warning C4244: '인수': 'float'에서 'int'(으)로 변환하면서 데이터가 손실될 수 있습니다.
MFCApplication3View.cpp(2755): warning C4244: '인수': 'float'에서 'int'(으)로 변환하면서 데이터가 손실될 수 있습니다.
MFCApplication3View.cpp(2756): warning C4244: '인수': 'float'에서 'int'(으)로 변환하면서 데이터가 손실될 수 있습니다.
MFCApplication3View.cpp(2764): warning C4244: '인수': 'float'에서 'int'(으)로 변환하면서 데이터가 손실될 수 있습니다.
MFCApplication3View.cpp(2765): warning C4244: '인수': 'float'에서 'int'(으)로 변환하면서 데이터가 손실될 수 있습니다.
MFCApplication3View.cpp(2766): warning C4244: '인수': 'float'에서 'int'(으)로 변환하면서 데이터가 손실될 수 있습니다.
MFCApplication3View.cpp(2767): warning C4244: '인수': 'float'에서 'int'(으)로 변환하면서 데이터가 손실될 수 있습니다.
MFCApplication3View.cpp(2783): warning C4244: '인수': 'float'에서 'int'(으)로 변환하면서 데이터가 손실될 수 있습니다.
MFCApplication3View.cpp(2784): warning C4244: '인수': 'float'에서 'int'(으)로 변환하면서 데이터가 손실될 수 있습니다.
MFCApplication3View.cpp(2785): warning C4244: '인수': 'float'에서 'int'(으)로 변환하면서 데이터가 손실될 수 있습니다.
MFCApplication3View.cpp(2786): warning C4244: '인수': 'float'에서 'int'(으)로 변환하면서 데이터가 손실될 수 있습니다.
MFCApplication3View.cpp(2794): warning C4244: '인수': 'float'에서 'int'(으)로 변환하면서 데이터가 손실될 수 있습니다.
MFCApplication3View.cpp(2795): warning C4244: '인수': 'float'에서 'int'(으)로 변환하면서 데이터가 손실될 수 있습니다.
MFCApplication3View.cpp(2796): warning C4244: '인수': 'float'에서 'int'(으)로 변환하면서 데이터가 손실될 수 있습니다.
MFCApplication3View.cpp(2797): warning C4244: '인수': 'float'에서 'int'(으)로 변환하면서 데이터가 손실될 수 있습니다.
MFCApplication3View.cpp(2811): warning C4244: '인수': 'float'에서 'int'(으)로 변환하면서 데이터가 손실될 수 있습니다.
MFCApplication3View.cpp(2812): warning C4244: '인수': 'float'에서 'int'(으)로 변환하면서 데이터가 손실될 수 있습니다.
MFCApplication3View.cpp(2813): warning C4244: '인수': 'float'에서 'int'(으)로 변환하면서 데이터가 손실될 수 있습니다.
MFCApplication3View.cpp(2814): warning C4244: '인수': 'float'에서 'int'(으)로 변환하면서 데이터가 손실될 수 있습니다.
MFCApplication3View.cpp(2822): warning C4244: '인수': 'float'에서 'int'(으)로 변환하면서 데이터가 손실될 수 있습니다.
MFCApplication3View.cpp(2823): warning C4244: '인수': 'float'에서 'int'(으)로 변환하면서 데이터가 손실될 수 있습니다.
MFCApplication3View.cpp(2824): warning C4244: '인수': 'float'에서 'int'(으)로 변환하면서 데이터가 손실될 수 있습니다.
MFCApplication3View.cpp(2825): warning C4244: '인수': 'float'에서 'int'(으)로 변환하면서 데이터가 손실될 수 있습니다.
MFCApplication3View.cpp(2837): warning C4244: '인수': 'float'에서 'int'(으)로 변환하면서 데이터가 손실될 수 있습니다.
MFCApplication3View.cpp(2838): warning C4244: '인수': 'float'에서 'int'(으)로 변환하면서 데이터가 손실될 수 있습니다.
MFCApplication3View.cpp(2839): warning C4244: '인수': 'float'에서 'int'(으)로 변환하면서 데이터가 손실될 수 있습니다.
MFCApplication3View.cpp(2840): warning C4244: '인수': 'float'에서 'int'(으)로 변환하면서 데이터가 손실될 수 있습니다.
MFCApplication3View.cpp(2848): warning C4244: '인수': 'float'에서 'int'(으)로 변환하면서 데이터가 손실될 수 있습니다.
MFCApplication3View.cpp(2849): warning C4244: '인수': 'float'에서 'int'(으)로 변환하면서 데이터가 손실될 수 있습니다.
MFCApplication3View.cpp(2850): warning C4244: '인수': 'float'에서 'int'(으)로 변환하면서 데이터가 손실될 수 있습니다.
MFCApplication3View.cpp(2851): warning C4244: '인수': 'float'에서 'int'(으)로 변환하면서 데이터가 손실될 수 있습니다.
MFCApplication3View.cpp(2868): warning C4244: '인수': 'float'에서 'int'(으)로 변환하면서 데이터가 손실될 수 있습니다.
MFCApplication3View.cpp(2869): warning C4244: '인수': 'float'에서 'int'(으)로 변환하면서 데이터가 손실될 수 있습니다.
MFCApplication3View.cpp(2870): warning C4244: '인수': 'float'에서 'int'(으)로 변환하면서 데이터가 손실될 수 있습니다.
MFCApplication3View.cpp(2871): warning C4244: '인수': 'float'에서 'int'(으)로 변환하면서 데이터가 손실될 수 있습니다.
MFCApplication3View.cpp(2879): warning C4244: '인수': 'float'에서 'int'(으)로 변환하면서 데이터가 손실될 수 있습니다.
MFCApplication3View.cpp(2880): warning C4244: '인수': 'float'에서 'int'(으)로 변환하면서 데이터가 손실될 수 있습니다.
MFCApplication3View.cpp(2881): warning C4244: '인수': 'float'에서 'int'(으)로 변환하면서 데이터가 손실될 수 있습니다.
MFCApplication3View.cpp(2882): warning C4244: '인수': 'float'에서 'int'(으)로 변환하면서 데이터가 손실될 수 있습니다.
MFCApplication3View.cpp(2898): warning C4244: '인수': 'float'에서 'int'(으)로 변환하면서 데이터가 손실될 수 있습니다.
MFCApplication3View.cpp(2899): warning C4244: '인수': 'float'에서 'int'(으)로 변환하면서 데이터가 손실될 수 있습니다.
MFCApplication3View.cpp(2900): warning C4244: '인수': 'float'에서 'int'(으)로 변환하면서 데이터가 손실될 수 있습니다.
MFCApplication3View.cpp(2901): warning C4244: '인수': 'float'에서 'int'(으)로 변환하면서 데이터가 손실될 수 있습니다.
MFCApplication3View.cpp(2909): warning C4244: '인수': 'float'에서 'int'(으)로 변환하면서 데이터가 손실될 수 있습니다.
MFCApplication3View.cpp(2910): warning C4244: '인수': 'float'에서 'int'(으)로 변환하면서 데이터가 손실될 수 있습니다.
MFCApplication3View.cpp(2911): warning C4244: '인수': 'float'에서 'int'(으)로 변환하면서 데이터가 손실될 수 있습니다.
MFCApplication3View.cpp(2912): warning C4244: '인수': 'float'에서 'int'(으)로 변환하면서 데이터가 손실될 수 있습니다.
MFCApplication3View.cpp(2926): warning C4244: '인수': 'float'에서 'int'(으)로 변환하면서 데이터가 손실될 수 있습니다.
MFCApplication3View.cpp(2927): warning C4244: '인수': 'float'에서 'int'(으)로 변환하면서 데이터가 손실될 수 있습니다.
MFCApplication3View.cpp(2928): warning C4244: '인수': 'float'에서 'int'(으)로 변환하면서 데이터가 손실될 수 있습니다.
MFCApplication3View.cpp(2929): warning C4244: '인수': 'float'에서 'int'(으)로 변환하면서 데이터가 손실될 수 있습니다.
MFCApplication3View.cpp(2937): warning C4244: '인수': 'float'에서 'int'(으)로 변환하면서 데이터가 손실될 수 있습니다.
MFCApplication3View.cpp(2938): warning C4244: '인수': 'float'에서 'int'(으)로 변환하면서 데이터가 손실될 수 있습니다.
MFCApplication3View.cpp(2939): warning C4244: '인수': 'float'에서 'int'(으)로 변환하면서 데이터가 손실될 수 있습니다.
MFCApplication3View.cpp(2940): warning C4244: '인수': 'float'에서 'int'(으)로 변환하면서 데이터가 손실될 수 있습니다.
MFCApplication3View.cpp(2952): warning C4244: '인수': 'float'에서 'int'(으)로 변환하면서 데이터가 손실될 수 있습니다.
MFCApplication3View.cpp(2953): warning C4244: '인수': 'float'에서 'int'(으)로 변환하면서 데이터가 손실될 수 있습니다.
MFCApplication3View.cpp(2954): warning C4244: '인수': 'float'에서 'int'(으)로 변환하면서 데이터가 손실될 수 있습니다.
MFCApplication3View.cpp(2955): warning C4244: '인수': 'float'에서 'int'(으)로 변환하면서 데이터가 손실될 수 있습니다.
MFCApplication3View.cpp(2963): warning C4244: '인수': 'float'에서 'int'(으)로 변환하면서 데이터가 손실될 수 있습니다.
MFCApplication3View.cpp(2964): warning C4244: '인수': 'float'에서 'int'(으)로 변환하면서 데이터가 손실될 수 있습니다.
MFCApplication3View.cpp(2965): warning C4244: '인수': 'float'에서 'int'(으)로 변환하면서 데이터가 손실될 수 있습니다.
MFCApplication3View.cpp(2966): warning C4244: '인수': 'float'에서 'int'(으)로 변환하면서 데이터가 손실될 수 있습니다.
MFCApplication3View.cpp(2999): warning C4244: '인수': 'float'에서 'int'(으)로 변환하면서 데이터가 손실될 수 있습니다.
MFCApplication3View.cpp(3000): warning C4244: '인수': 'float'에서 'int'(으)로 변환하면서 데이터가 손실될 수 있습니다.
MFCApplication3View.cpp(3001): warning C4244: '인수': 'float'에서 'int'(으)로 변환하면서 데이터가 손실될 수 있습니다.
MFCApplication3View.cpp(3002): warning C4244: '인수': 'float'에서 'int'(으)로 변환하면서 데이터가 손실될 수 있습니다.
MFCApplication3View.cpp(3010): warning C4244: '인수': 'float'에서 'int'(으)로 변환하면서 데이터가 손실될 수 있습니다.
MFCApplication3View.cpp(3011): warning C4244: '인수': 'float'에서 'int'(으)로 변환하면서 데이터가 손실될 수 있습니다.
MFCApplication3View.cpp(3012): warning C4244: '인수': 'float'에서 'int'(으)로 변환하면서 데이터가 손실될 수 있습니다.
MFCApplication3View.cpp(3013): warning C4244: '인수': 'float'에서 'int'(으)로 변환하면서 데이터가 손실될 수 있습니다.
MFCApplication3View.cpp(3036): warning C4244: '인수': 'float'에서 'int'(으)로 변환하면서 데이터가 손실될 수 있습니다.
MFCApplication3View.cpp(3037): warning C4244: '인수': 'float'에서 'int'(으)로 변환하면서 데이터가 손실될 수 있습니다.
MFCApplication3View.cpp(3038): warning C4244: '인수': 'float'에서 'int'(으)로 변환하면서 데이터가 손실될 수 있습니다.
MFCApplication3View.cpp(3039): warning C4244: '인수': 'float'에서 'int'(으)로 변환하면서 데이터가 손실될 수 있습니다.
MFCApplication3View.cpp(3047): warning C4244: '인수': 'float'에서 'int'(으)로 변환하면서 데이터가 손실될 수 있습니다.
MFCApplication3View.cpp(3048): warning C4244: '인수': 'float'에서 'int'(으)로 변환하면서 데이터가 손실될 수 있습니다.
MFCApplication3View.cpp(3049): warning C4244: '인수': 'float'에서 'int'(으)로 변환하면서 데이터가 손실될 수 있습니다.
MFCApplication3View.cpp(3050): warning C4244: '인수': 'float'에서 'int'(으)로 변환하면서 데이터가 손실될 수 있습니다.
MFCApplication3View.cpp(3062): warning C4244: '인수': 'float'에서 'int'(으)로 변환하면서 데이터가 손실될 수 있습니다.
MFCApplication3View.cpp(3063): warning C4244: '인수': 'float'에서 'int'(으)로 변환하면서 데이터가 손실될 수 있습니다.
MFCApplication3View.cpp(3064): warning C4244: '인수': 'float'에서 'int'(으)로 변환하면서 데이터가 손실될 수 있습니다.
MFCApplication3View.cpp(3065): warning C4244: '인수': 'float'에서 'int'(으)로 변환하면서 데이터가 손실될 수 있습니다.
MFCApplication3View.cpp(3073): warning C4244: '인수': 'float'에서 'int'(으)로 변환하면서 데이터가 손실될 수 있습니다.
MFCApplication3View.cpp(3074): warning C4244: '인수': 'float'에서 'int'(으)로 변환하면서 데이터가 손실될 수 있습니다.
MFCApplication3View.cpp(3075): warning C4244: '인수': 'float'에서 'int'(으)로 변환하면서 데이터가 손실될 수 있습니다.
MFCApplication3View.cpp(3076): warning C4244: '인수': 'float'에서 'int'(으)로 변환하면서 데이터가 손실될 수 있습니다.
MFCApplication3View.cpp(3091): warning C4244: '인수': 'float'에서 'int'(으)로 변환하면서 데이터가 손실될 수 있습니다.
MFCApplication3View.cpp(3092): warning C4244: '인수': 'float'에서 'int'(으)로 변환하면서 데이터가 손실될 수 있습니다.
MFCApplication3View.cpp(3093): warning C4244: '인수': 'float'에서 'int'(으)로 변환하면서 데이터가 손실될 수 있습니다.
MFCApplication3View.cpp(3094): warning C4244: '인수': 'float'에서 'int'(으)로 변환하면서 데이터가 손실될 수 있습니다.
MFCApplication3View.cpp(3102): warning C4244: '인수': 'float'에서 'int'(으)로 변환하면서 데이터가 손실될 수 있습니다.
MFCApplication3View.cpp(3103): warning C4244: '인수': 'float'에서 'int'(으)로 변환하면서 데이터가 손실될 수 있습니다.
MFCApplication3View.cpp(3104): warning C4244: '인수': 'float'에서 'int'(으)로 변환하면서 데이터가 손실될 수 있습니다.
MFCApplication3View.cpp(3105): warning C4244: '인수': 'float'에서 'int'(으)로 변환하면서 데이터가 손실될 수 있습니다.
MFCApplication3View.cpp(3117): warning C4244: '인수': 'float'에서 'int'(으)로 변환하면서 데이터가 손실될 수 있습니다.
MFCApplication3View.cpp(3118): warning C4244: '인수': 'float'에서 'int'(으)로 변환하면서 데이터가 손실될 수 있습니다.
MFCApplication3View.cpp(3119): warning C4244: '인수': 'float'에서 'int'(으)로 변환하면서 데이터가 손실될 수 있습니다.
MFCApplication3View.cpp(3120): warning C4244: '인수': 'float'에서 'int'(으)로 변환하면서 데이터가 손실될 수 있습니다.
MFCApplication3View.cpp(3128): warning C4244: '인수': 'float'에서 'int'(으)로 변환하면서 데이터가 손실될 수 있습니다.
MFCApplication3View.cpp(3129): warning C4244: '인수': 'float'에서 'int'(으)로 변환하면서 데이터가 손실될 수 있습니다.
MFCApplication3View.cpp(3130): warning C4244: '인수': 'float'에서 'int'(으)로 변환하면서 데이터가 손실될 수 있습니다.
MFCApplication3View.cpp(3131): warning C4244: '인수': 'float'에서 'int'(으)로 변환하면서 데이터가 손실될 수 있습니다.
MFCApplication3View.cpp(3158): warning C4244: '인수': 'float'에서 'int'(으)로 변환하면서 데이터가 손실될 수 있습니다.
MFCApplication3View.cpp(3159): warning C4244: '인수': 'float'에서 'int'(으)로 변환하면서 데이터가 손실될 수 있습니다.
MFCApplication3View.cpp(3160): warning C4244: '인수': 'float'에서 'int'(으)로 변환하면서 데이터가 손실될 수 있습니다.
MFCApplication3View.cpp(3161): warning C4244: '인수': 'float'에서 'int'(으)로 변환하면서 데이터가 손실될 수 있습니다.
MFCApplication3View.cpp(3169): warning C4244: '인수': 'float'에서 'int'(으)로 변환하면서 데이터가 손실될 수 있습니다.
MFCApplication3View.cpp(3170): warning C4244: '인수': 'float'에서 'int'(으)로 변환하면서 데이터가 손실될 수 있습니다.
MFCApplication3View.cpp(3171): warning C4244: '인수': 'float'에서 'int'(으)로 변환하면서 데이터가 손실될 수 있습니다.
MFCApplication3View.cpp(3172): warning C4244: '인수': 'float'에서 'int'(으)로 변환하면서 데이터가 손실될 수 있습니다.
MFCApplication3View.cpp(3196): warning C4244: '인수': 'float'에서 'int'(으)로 변환하면서 데이터가 손실될 수 있습니다.
MFCApplication3View.cpp(3197): warning C4244: '인수': 'float'에서 'int'(으)로 변환하면서 데이터가 손실될 수 있습니다.
MFCApplication3View.cpp(3198): warning C4244: '인수': 'float'에서 'int'(으)로 변환하면서 데이터가 손실될 수 있습니다.
MFCApplication3View.cpp(3199): warning C4244: '인수': 'float'에서 'int'(으)로 변환하면서 데이터가 손실될 수 있습니다.
MFCApplication3View.cpp(3207): warning C4244: '인수': 'float'에서 'int'(으)로 변환하면서 데이터가 손실될 수 있습니다.
MFCApplication3View.cpp(3208): warning C4244: '인수': 'float'에서 'int'(으)로 변환하면서 데이터가 손실될 수 있습니다.
MFCApplication3View.cpp(3209): warning C4244: '인수': 'float'에서 'int'(으)로 변환하면서 데이터가 손실될 수 있습니다.
MFCApplication3View.cpp(3210): warning C4244: '인수': 'float'에서 'int'(으)로 변환하면서 데이터가 손실될 수 있습니다.
MFCApplication3View.cpp(3222): warning C4244: '인수': 'float'에서 'int'(으)로 변환하면서 데이터가 손실될 수 있습니다.
MFCApplication3View.cpp(3223): warning C4244: '인수': 'float'에서 'int'(으)로 변환하면서 데이터가 손실될 수 있습니다.
MFCApplication3View.cpp(3224): warning C4244: '인수': 'float'에서 'int'(으)로 변환하면서 데이터가 손실될 수 있습니다.
MFCApplication3View.cpp(3225): warning C4244: '인수': 'float'에서 'int'(으)로 변환하면서 데이터가 손실될 수 있습니다.
MFCApplication3View.cpp(3233): warning C4244: '인수': 'float'에서 'int'(으)로 변환하면서 데이터가 손실될 수 있습니다.
MFCApplication3View.cpp(3234): warning C4244: '인수': 'float'에서 'int'(으)로 변환하면서 데이터가 손실될 수 있습니다.
MFCApplication3View.cpp(3235): warning C4244: '인수': 'float'에서 'int'(으)로 변환하면서 데이터가 손실될 수 있습니다.
MFCApplication3View.cpp(3236): warning C4244: '인수': 'float'에서 'int'(으)로 변환하면서 데이터가 손실될 수 있습니다.
MFCApplication3View.cpp(3251): warning C4244: '인수': 'float'에서 'int'(으)로 변환하면서 데이터가 손실될 수 있습니다.
MFCApplication3View.cpp(3252): warning C4244: '인수': 'float'에서 'int'(으)로 변환하면서 데이터가 손실될 수 있습니다.
MFCApplication3View.cpp(3253): warning C4244: '인수': 'float'에서 'int'(으)로 변환하면서 데이터가 손실될 수 있습니다.
MFCApplication3View.cpp(3254): warning C4244: '인수': 'float'에서 'int'(으)로 변환하면서 데이터가 손실될 수 있습니다.
MFCApplication3View.cpp(3262): warning C4244: '인수': 'float'에서 'int'(으)로 변환하면서 데이터가 손실될 수 있습니다.
MFCApplication3View.cpp(3263): warning C4244: '인수': 'float'에서 'int'(으)로 변환하면서 데이터가 손실될 수 있습니다.
MFCApplication3View.cpp(3264): warning C4244: '인수': 'float'에서 'int'(으)로 변환하면서 데이터가 손실될 수 있습니다.
MFCApplication3View.cpp(3265): warning C4244: '인수': 'float'에서 'int'(으)로 변환하면서 데이터가 손실될 수 있습니다.
MFCApplication3View.cpp(3277): warning C4244: '인수': 'float'에서 'int'(으)로 변환하면서 데이터가 손실될 수 있습니다.
MFCApplication3View.cpp(3278): warning C4244: '인수': 'float'에서 'int'(으)로 변환하면서 데이터가 손실될 수 있습니다.
MFCApplication3View.cpp(3279): warning C4244: '인수': 'float'에서 'int'(으)로 변환하면서 데이터가 손실될 수 있습니다.
MFCApplication3View.cpp(3280): warning C4244: '인수': 'float'에서 'int'(으)로 변환하면서 데이터가 손실될 수 있습니다.
MFCApplication3View.cpp(3288): warning C4244: '인수': 'float'에서 'int'(으)로 변환하면서 데이터가 손실될 수 있습니다.
MFCApplication3View.cpp(3289): warning C4244: '인수': 'float'에서 'int'(으)로 변환하면서 데이터가 손실될 수 있습니다.
MFCApplication3View.cpp(3290): warning C4244: '인수': 'float'에서 'int'(으)로 변환하면서 데이터가 손실될 수 있습니다.
MFCApplication3View.cpp(3291): warning C4244: '인수': 'float'에서 'int'(으)로 변환하면서 데이터가 손실될 수 있습니다.
MFCApplication3View.cpp(461): warning C4101: 'originToVertex2' :참조되지 않은 지역 변수입니다.
MFCApplication3View.cpp(460): warning C4101: 'dotResult3' :참조되지 않은 지역 변수입니다.
MFCApplication3View.cpp(460): warning C4101: 'dotResult2' :참조되지 않은 지역 변수입니다.
MFCApplication3View.cpp(461): warning C4101: 'originToVertex3' :참조되지 않은 지역 변수입니다.
MFCApplication3View.cpp(460): warning C4101: 'dotResultParallel' :참조되지 않은 지역 변수입니다.
MFCApplication3View.cpp(460): warning C4101: 'dotResult1' :참조되지 않은 지역 변수입니다.
MFCApplication3View.cpp(466): warning C4101: 'prevBrush' :참조되지 않은 지역 변수입니다.
MFCApplication3View.cpp(463): warning C4101: 'bPtr' :참조되지 않은 지역 변수입니다.
MFCApplication3View.cpp(461): warning C4101: 'originToVertex1' :참조되지 않은 지역 변수입니다.
MFCApplication3View.cpp(460): warning C4101: 'dotProd' :참조되지 않은 지역 변수입니다.
MFCApplication3View.cpp(464): warning C4101: 'bCount' :참조되지 않은 지역 변수입니다.
MFCApplication3View.cpp(462): warning C4101: 'rgbRate' :참조되지 않은 지역 변수입니다.
MFCApplication3View.cpp(2154): warning C4101: 'rgbTemp_2' :참조되지 않은 지역 변수입니다.
MFCApplication3View.cpp(3341): warning C4244: '인수': 'float'에서 'int'(으)로 변환하면서 데이터가 손실될 수 있습니다.
MFCApplication3View.cpp(3554): warning C4244: '인수': 'float'에서 'int'(으)로 변환하면서 데이터가 손실될 수 있습니다.
MFCApplication3View.cpp(4257): warning C4267: '초기화 중': 'size_t'에서 'int'(으)로 변환하면서 데이터가 손실될 수 있습니다.
MFCApplication3View.cpp(4291): warning C4267: '초기화 중': 'size_t'에서 'int'(으)로 변환하면서 데이터가 손실될 수 있습니다.
MFCApplication3View.cpp(4325): warning C4267: '초기화 중': 'size_t'에서 'int'(으)로 변환하면서 데이터가 손실될 수 있습니다.
MFCApplication3View.cpp(4552): warning C4244: '+=': 'float'에서 'int'(으)로 변환하면서 데이터가 손실될 수 있습니다.
MFCApplication3View.cpp(4553): warning C4244: '+=': 'float'에서 'int'(으)로 변환하면서 데이터가 손실될 수 있습니다.
MFCApplication3View.cpp(4554): warning C4244: '+=': 'float'에서 'int'(으)로 변환하면서 데이터가 손실될 수 있습니다.
MFCApplication3View.cpp(4563): warning C4244: '+=': 'float'에서 'int'(으)로 변환하면서 데이터가 손실될 수 있습니다.
MFCApplication3View.cpp(4564): warning C4244: '+=': 'float'에서 'int'(으)로 변환하면서 데이터가 손실될 수 있습니다.
MFCApplication3View.cpp(4565): warning C4244: '+=': 'float'에서 'int'(으)로 변환하면서 데이터가 손실될 수 있습니다.
MFCApplication3View.cpp(4573): warning C4244: '+=': 'float'에서 'int'(으)로 변환하면서 데이터가 손실될 수 있습니다.
MFCApplication3View.cpp(4574): warning C4244: '+=': 'float'에서 'int'(으)로 변환하면서 데이터가 손실될 수 있습니다.
MFCApplication3View.cpp(4575): warning C4244: '+=': 'float'에서 'int'(으)로 변환하면서 데이터가 손실될 수 있습니다.
MFCApplication3View.cpp(4586): warning C4244: '-=': 'float'에서 'int'(으)로 변환하면서 데이터가 손실될 수 있습니다.
MFCApplication3View.cpp(4587): warning C4244: '-=': 'float'에서 'int'(으)로 변환하면서 데이터가 손실될 수 있습니다.
MFCApplication3View.cpp(4588): warning C4244: '-=': 'float'에서 'int'(으)로 변환하면서 데이터가 손실될 수 있습니다.
MFCApplication3View.cpp(4596): warning C4244: '-=': 'float'에서 'int'(으)로 변환하면서 데이터가 손실될 수 있습니다.
MFCApplication3View.cpp(4597): warning C4244: '-=': 'float'에서 'int'(으)로 변환하면서 데이터가 손실될 수 있습니다.
MFCApplication3View.cpp(4598): warning C4244: '-=': 'float'에서 'int'(으)로 변환하면서 데이터가 손실될 수 있습니다.
MFCApplication3View.cpp(4606): warning C4244: '-=': 'float'에서 'int'(으)로 변환하면서 데이터가 손실될 수 있습니다.
MFCApplication3View.cpp(4607): warning C4244: '-=': 'float'에서 'int'(으)로 변환하면서 데이터가 손실될 수 있습니다.
MFCApplication3View.cpp(4608): warning C4244: '-=': 'float'에서 'int'(으)로 변환하면서 데이터가 손실될 수 있습니다.
MFCApplication3View.cpp(4619): warning C4244: '+=': 'float'에서 'int'(으)로 변환하면서 데이터가 손실될 수 있습니다.
MFCApplication3View.cpp(4620): warning C4244: '+=': 'float'에서 'int'(으)로 변환하면서 데이터가 손실될 수 있습니다.
MFCApplication3View.cpp(4621): warning C4244: '+=': 'float'에서 'int'(으)로 변환하면서 데이터가 손실될 수 있습니다.
MFCApplication3View.cpp(4629): warning C4244: '+=': 'float'에서 'int'(으)로 변환하면서 데이터가 손실될 수 있습니다.
MFCApplication3View.cpp(4630): warning C4244: '+=': 'float'에서 'int'(으)로 변환하면서 데이터가 손실될 수 있습니다.
MFCApplication3View.cpp(4631): warning C4244: '+=': 'float'에서 'int'(으)로 변환하면서 데이터가 손실될 수 있습니다.
MFCApplication3View.cpp(4639): warning C4244: '+=': 'float'에서 'int'(으)로 변환하면서 데이터가 손실될 수 있습니다.
MFCApplication3View.cpp(4640): warning C4244: '+=': 'float'에서 'int'(으)로 변환하면서 데이터가 손실될 수 있습니다.
MFCApplication3View.cpp(4641): warning C4244: '+=': 'float'에서 'int'(으)로 변환하면서 데이터가 손실될 수 있습니다.
MFCApplication3View.cpp(4652): warning C4244: '-=': 'float'에서 'int'(으)로 변환하면서 데이터가 손실될 수 있습니다.
MFCApplication3View.cpp(4653): warning C4244: '-=': 'float'에서 'int'(으)로 변환하면서 데이터가 손실될 수 있습니다.
MFCApplication3View.cpp(4654): warning C4244: '-=': 'float'에서 'int'(으)로 변환하면서 데이터가 손실될 수 있습니다.
MFCApplication3View.cpp(4662): warning C4244: '-=': 'float'에서 'int'(으)로 변환하면서 데이터가 손실될 수 있습니다.
MFCApplication3View.cpp(4663): warning C4244: '-=': 'float'에서 'int'(으)로 변환하면서 데이터가 손실될 수 있습니다.
MFCApplication3View.cpp(4664): warning C4244: '-=': 'float'에서 'int'(으)로 변환하면서 데이터가 손실될 수 있습니다.
MFCApplication3View.cpp(4672): warning C4244: '-=': 'float'에서 'int'(으)로 변환하면서 데이터가 손실될 수 있습니다.
MFCApplication3View.cpp(4673): warning C4244: '-=': 'float'에서 'int'(으)로 변환하면서 데이터가 손실될 수 있습니다.
MFCApplication3View.cpp(4674): warning C4244: '-=': 'float'에서 'int'(으)로 변환하면서 데이터가 손실될 수 있습니다.
  MainFrm.cpp
  Matrix.cpp
Matrix.cpp(99): warning C4838: 'double'에서 'float'(으)로의 변환에는 축소 변환이 필요합니다.
Matrix.cpp(99): warning C4244: '초기화 중': 'double'에서 'float'(으)로 변환하면서 데이터가 손실될 수 있습니다.
Matrix.cpp(100): warning C4838: 'double'에서 'float'(으)로의 변환에는 축소 변환이 필요합니다.
Matrix.cpp(100): warning C4244: '초기화 중': 'double'에서 'float'(으)로 변환하면서 데이터가 손실될 수 있습니다.
Matrix.cpp(101): warning C4838: 'double'에서 'float'(으)로의 변환에는 축소 변환이 필요합니다.
Matrix.cpp(101): warning C4244: '초기화 중': 'double'에서 'float'(으)로 변환하면서 데이터가 손실될 수 있습니다.
Matrix.cpp(507): warning C4244: '초기화 중': 'int'에서 'float'(으)로 변환하면서 데이터가 손실될 수 있습니다.
Matrix.cpp(525): warning C4244: '초기화 중': 'int'에서 'float'(으)로 변환하면서 데이터가 손실될 수 있습니다.
Matrix.cpp(799): warning C4244: '초기화 중': 'double'에서 'float'(으)로 변환하면서 데이터가 손실될 수 있습니다.
Matrix.cpp(800): warning C4244: '초기화 중': 'double'에서 'float'(으)로 변환하면서 데이터가 손실될 수 있습니다.
Matrix.cpp(801): warning C4244: '초기화 중': 'double'에서 'float'(으)로 변환하면서 데이터가 손실될 수 있습니다.
Matrix.cpp(803): warning C4244: 'return': 'double'에서 'float'(으)로 변환하면서 데이터가 손실될 수 있습니다.
Matrix.cpp(814): warning C4101: 'rgbRate' :참조되지 않은 지역 변수입니다.
Matrix.cpp(863): warning C4244: '인수': 'float'에서 'long'(으)로 변환하면서 데이터가 손실될 수 있습니다.
Matrix.cpp(863): warning C4244: '인수': 'float'에서 'int'(으)로 변환하면서 데이터가 손실될 수 있습니다.
Matrix.cpp(864): warning C4244: '인수': 'float'에서 'long'(으)로 변환하면서 데이터가 손실될 수 있습니다.
Matrix.cpp(864): warning C4244: '인수': 'float'에서 'int'(으)로 변환하면서 데이터가 손실될 수 있습니다.
Matrix.cpp(865): warning C4244: '인수': 'float'에서 'long'(으)로 변환하면서 데이터가 손실될 수 있습니다.
Matrix.cpp(865): warning C4244: '인수': 'float'에서 'int'(으)로 변환하면서 데이터가 손실될 수 있습니다.
Matrix.cpp(866): warning C4244: '인수': 'float'에서 'long'(으)로 변환하면서 데이터가 손실될 수 있습니다.
Matrix.cpp(866): warning C4244: '인수': 'float'에서 'int'(으)로 변환하면서 데이터가 손실될 수 있습니다.
Matrix.cpp(882): warning C4244: '인수': 'float'에서 'long'(으)로 변환하면서 데이터가 손실될 수 있습니다.
Matrix.cpp(882): warning C4244: '인수': 'float'에서 'int'(으)로 변환하면서 데이터가 손실될 수 있습니다.
Matrix.cpp(883): warning C4244: '인수': 'float'에서 'long'(으)로 변환하면서 데이터가 손실될 수 있습니다.
Matrix.cpp(883): warning C4244: '인수': 'float'에서 'int'(으)로 변환하면서 데이터가 손실될 수 있습니다.
Matrix.cpp(884): warning C4244: '인수': 'float'에서 'long'(으)로 변환하면서 데이터가 손실될 수 있습니다.
Matrix.cpp(884): warning C4244: '인수': 'float'에서 'int'(으)로 변환하면서 데이터가 손실될 수 있습니다.
Matrix.cpp(885): warning C4244: '인수': 'float'에서 'long'(으)로 변환하면서 데이터가 손실될 수 있습니다.
Matrix.cpp(885): warning C4244: '인수': 'float'에서 'int'(으)로 변환하면서 데이터가 손실될 수 있습니다.
Matrix.cpp(851): warning C4101: 'dotProd' :참조되지 않은 지역 변수입니다.
Matrix.cpp(903): warning C4244: '인수': 'float'에서 'long'(으)로 변환하면서 데이터가 손실될 수 있습니다.
Matrix.cpp(903): warning C4244: '인수': 'float'에서 'int'(으)로 변환하면서 데이터가 손실될 수 있습니다.
Matrix.cpp(904): warning C4244: '인수': 'float'에서 'long'(으)로 변환하면서 데이터가 손실될 수 있습니다.
Matrix.cpp(904): warning C4244: '인수': 'float'에서 'int'(으)로 변환하면서 데이터가 손실될 수 있습니다.
Matrix.cpp(905): warning C4244: '인수': 'float'에서 'long'(으)로 변환하면서 데이터가 손실될 수 있습니다.
Matrix.cpp(905): warning C4244: '인수': 'float'에서 'int'(으)로 변환하면서 데이터가 손실될 수 있습니다.
Matrix.cpp(906): warning C4244: '인수': 'float'에서 'long'(으)로 변환하면서 데이터가 손실될 수 있습니다.
Matrix.cpp(906): warning C4244: '인수': 'float'에서 'int'(으)로 변환하면서 데이터가 손실될 수 있습니다.
Matrix.cpp(914): warning C4244: '인수': 'float'에서 'long'(으)로 변환하면서 데이터가 손실될 수 있습니다.
Matrix.cpp(914): warning C4244: '인수': 'float'에서 'int'(으)로 변환하면서 데이터가 손실될 수 있습니다.
Matrix.cpp(915): warning C4244: '인수': 'float'에서 'long'(으)로 변환하면서 데이터가 손실될 수 있습니다.
Matrix.cpp(915): warning C4244: '인수': 'float'에서 'int'(으)로 변환하면서 데이터가 손실될 수 있습니다.
Matrix.cpp(916): warning C4244: '인수': 'float'에서 'long'(으)로 변환하면서 데이터가 손실될 수 있습니다.
Matrix.cpp(916): warning C4244: '인수': 'float'에서 'int'(으)로 변환하면서 데이터가 손실될 수 있습니다.
Matrix.cpp(917): warning C4244: '인수': 'float'에서 'long'(으)로 변환하면서 데이터가 손실될 수 있습니다.
Matrix.cpp(917): warning C4244: '인수': 'float'에서 'int'(으)로 변환하면서 데이터가 손실될 수 있습니다.
  코드를 생성하고 있습니다.
d:\vs_project\mfcapplication3\mfcapplication3\matrix.cpp(201): warning C4172: 지역 변수 또는 임시: result의 주소를 반환하고 있습니다.
d:\vs_project\mfcapplication3\mfcapplication3\matrix.cpp(191): warning C4172: 지역 변수 또는 임시: result의 주소를 반환하고 있습니다.
d:\vs_project\mfcapplication3\mfcapplication3\matrix.cpp(70): warning C4172: 지역 변수 또는 임시: sampleMatrix의 주소를 반환하고 있습니다.
d:\vs_project\mfcapplication3\mfcapplication3\matrix.cpp(156): warning C4172: 지역 변수 또는 임시: result의 주소를 반환하고 있습니다.
d:\vs_project\mfcapplication3\mfcapplication3\matrix.cpp(54): warning C4172: 지역 변수 또는 임시: sampleMatrix의 주소를 반환하고 있습니다.
d:\vs_project\mfcapplication3\mfcapplication3\matrix.cpp(845): warning C4172: 지역 변수 또는 임시: result의 주소를 반환하고 있습니다.
d:\vs_project\mfcapplication3\mfcapplication3\matrix.cpp(794): warning C4172: 지역 변수 또는 임시: result의 주소를 반환하고 있습니다.
d:\vs_project\mfcapplication3\mfcapplication3\matrix.cpp(126): warning C4172: 지역 변수 또는 임시: myArray의 주소를 반환하고 있습니다.
d:\vs_project\mfcapplication3\mfcapplication3\matrix.cpp(751): warning C4172: 지역 변수 또는 임시: axis의 주소를 반환하고 있습니다.
d:\vs_project\mfcapplication3\mfcapplication3\figure.cpp(138): warning C4172: 지역 변수 또는 임시: myResult의 주소를 반환하고 있습니다.
d:\vs_project\mfcapplication3\mfcapplication3\figure.cpp(69): warning C4172: 지역 변수 또는 임시: vResult의 주소를 반환하고 있습니다.
d:\vs_project\mfcapplication3\mfcapplication3\matrix.cpp(498): warning C4172: 지역 변수 또는 임시: viewMatrix의 주소를 반환하고 있습니다.
  24 of 667 functions ( 3.6%) were compiled, the rest were copied from previous compilation.
    0 functions were new in current compilation
    3 functions had inline decision re-evaluated but remain unchanged
  코드를 생성했습니다.
  MFCApplication3.vcxproj -> D:\VS_Project\MFCApplication3\x64\Release\MFCApplication3.exe
  MFCApplication3.vcxproj -> D:\VS_Project\MFCApplication3\x64\Release\MFCApplication3.pdb (Full PDB)
