d:\vs_project\mfcapplication3\mfcapplication3\debug\mfcapplication3.pch
d:\vs_project\mfcapplication3\mfcapplication3\debug\vc140.pdb
d:\vs_project\mfcapplication3\mfcapplication3\debug\vc140.idb
d:\vs_project\mfcapplication3\mfcapplication3\debug\stdafx.obj
d:\vs_project\mfcapplication3\mfcapplication3\debug\mainfrm.obj
d:\vs_project\mfcapplication3\mfcapplication3\debug\mfcapplication3.obj
d:\vs_project\mfcapplication3\mfcapplication3\debug\mfcapplication3doc.obj
d:\vs_project\mfcapplication3\mfcapplication3\debug\mfcapplication3view.obj
d:\vs_project\mfcapplication3\mfcapplication3\debug\matrix.obj
d:\vs_project\mfcapplication3\debug\mfcapplication3.ilk
d:\vs_project\mfcapplication3\debug\mfcapplication3.exe
d:\vs_project\mfcapplication3\debug\mfcapplication3.pdb
d:\vs_project\mfcapplication3\mfcapplication3\debug\mfcapplication3.res
d:\vs_project\mfcapplication3\mfcapplication3\debug\mfcapplication3.tlog\cl.command.1.tlog
d:\vs_project\mfcapplication3\mfcapplication3\debug\mfcapplication3.tlog\cl.read.1.tlog
d:\vs_project\mfcapplication3\mfcapplication3\debug\mfcapplication3.tlog\cl.write.1.tlog
d:\vs_project\mfcapplication3\mfcapplication3\debug\mfcapplication3.tlog\link.command.1.tlog
d:\vs_project\mfcapplication3\mfcapplication3\debug\mfcapplication3.tlog\link.read.1.tlog
d:\vs_project\mfcapplication3\mfcapplication3\debug\mfcapplication3.tlog\link.write.1.tlog
d:\vs_project\mfcapplication3\mfcapplication3\debug\mfcapplication3.tlog\rc.command.1.tlog
d:\vs_project\mfcapplication3\mfcapplication3\debug\mfcapplication3.tlog\rc.read.1.tlog
d:\vs_project\mfcapplication3\mfcapplication3\debug\mfcapplication3.tlog\rc.write.1.tlog
