  Figure.cpp
Figure.cpp(49): warning C4244: '인수': 'int'에서 'float'(으)로 변환하면서 데이터가 손실될 수 있습니다.
Figure.cpp(87): warning C4244: '인수': 'int'에서 'float'(으)로 변환하면서 데이터가 손실될 수 있습니다.
Figure.cpp(116): warning C4244: '인수': 'int'에서 'float'(으)로 변환하면서 데이터가 손실될 수 있습니다.
  MFCApplication3.cpp
  MFCApplication3View.cpp
MFCApplication3View.cpp(177): warning C4244: '=': 'LONG'에서 'float'(으)로 변환하면서 데이터가 손실될 수 있습니다.
MFCApplication3View.cpp(178): warning C4244: '=': 'LONG'에서 'float'(으)로 변환하면서 데이터가 손실될 수 있습니다.
MFCApplication3View.cpp(179): warning C4244: '=': 'int'에서 'float'(으)로 변환하면서 데이터가 손실될 수 있습니다.
MFCApplication3View.cpp(180): warning C4244: '=': 'int'에서 'float'(으)로 변환하면서 데이터가 손실될 수 있습니다.
MFCApplication3View.cpp(181): warning C4244: '=': 'LONG'에서 'float'(으)로 변환하면서 데이터가 손실될 수 있습니다.
MFCApplication3View.cpp(182): warning C4244: '=': 'LONG'에서 'float'(으)로 변환하면서 데이터가 손실될 수 있습니다.
MFCApplication3View.cpp(201): warning C4244: '인수': 'double'에서 'int'(으)로 변환하면서 데이터가 손실될 수 있습니다.
MFCApplication3View.cpp(344): warning C4244: '인수': 'float'에서 'int'(으)로 변환하면서 데이터가 손실될 수 있습니다.
MFCApplication3View.cpp(348): warning C4244: '인수': 'float'에서 'int'(으)로 변환하면서 데이터가 손실될 수 있습니다.
MFCApplication3View.cpp(421): warning C4244: '인수': 'int'에서 'float'(으)로 변환하면서 데이터가 손실될 수 있습니다.
MFCApplication3View.cpp(575): warning C4244: '인수': 'float'에서 'long'(으)로 변환하면서 데이터가 손실될 수 있습니다.
MFCApplication3View.cpp(575): warning C4244: '인수': 'float'에서 'int'(으)로 변환하면서 데이터가 손실될 수 있습니다.
MFCApplication3View.cpp(576): warning C4244: '인수': 'float'에서 'long'(으)로 변환하면서 데이터가 손실될 수 있습니다.
MFCApplication3View.cpp(576): warning C4244: '인수': 'float'에서 'int'(으)로 변환하면서 데이터가 손실될 수 있습니다.
MFCApplication3View.cpp(1099): warning C4244: '인수': 'int'에서 'float'(으)로 변환하면서 데이터가 손실될 수 있습니다.
MFCApplication3View.cpp(1256): warning C4244: '인수': 'float'에서 'long'(으)로 변환하면서 데이터가 손실될 수 있습니다.
MFCApplication3View.cpp(1256): warning C4244: '인수': 'float'에서 'int'(으)로 변환하면서 데이터가 손실될 수 있습니다.
MFCApplication3View.cpp(1257): warning C4244: '인수': 'float'에서 'long'(으)로 변환하면서 데이터가 손실될 수 있습니다.
MFCApplication3View.cpp(1257): warning C4244: '인수': 'float'에서 'int'(으)로 변환하면서 데이터가 손실될 수 있습니다.
MFCApplication3View.cpp(1678): warning C4244: '인수': 'float'에서 'int'(으)로 변환하면서 데이터가 손실될 수 있습니다.
MFCApplication3View.cpp(1681): warning C4244: '인수': 'float'에서 'int'(으)로 변환하면서 데이터가 손실될 수 있습니다.
MFCApplication3View.cpp(1682): warning C4244: '인수': 'float'에서 'int'(으)로 변환하면서 데이터가 손실될 수 있습니다.
MFCApplication3View.cpp(1686): warning C4244: '인수': 'float'에서 'int'(으)로 변환하면서 데이터가 손실될 수 있습니다.
MFCApplication3View.cpp(1687): warning C4244: '인수': 'float'에서 'int'(으)로 변환하면서 데이터가 손실될 수 있습니다.
MFCApplication3View.cpp(1689): warning C4244: '인수': 'float'에서 'int'(으)로 변환하면서 데이터가 손실될 수 있습니다.
MFCApplication3View.cpp(1698): warning C4244: '인수': 'float'에서 'int'(으)로 변환하면서 데이터가 손실될 수 있습니다.
MFCApplication3View.cpp(1701): warning C4244: '인수': 'float'에서 'int'(으)로 변환하면서 데이터가 손실될 수 있습니다.
MFCApplication3View.cpp(1702): warning C4244: '인수': 'float'에서 'int'(으)로 변환하면서 데이터가 손실될 수 있습니다.
MFCApplication3View.cpp(1706): warning C4244: '인수': 'float'에서 'int'(으)로 변환하면서 데이터가 손실될 수 있습니다.
MFCApplication3View.cpp(1707): warning C4244: '인수': 'float'에서 'int'(으)로 변환하면서 데이터가 손실될 수 있습니다.
MFCApplication3View.cpp(1709): warning C4244: '인수': 'float'에서 'int'(으)로 변환하면서 데이터가 손실될 수 있습니다.
MFCApplication3View.cpp(1717): warning C4244: '인수': 'float'에서 'int'(으)로 변환하면서 데이터가 손실될 수 있습니다.
MFCApplication3View.cpp(1720): warning C4244: '인수': 'float'에서 'int'(으)로 변환하면서 데이터가 손실될 수 있습니다.
MFCApplication3View.cpp(1721): warning C4244: '인수': 'float'에서 'int'(으)로 변환하면서 데이터가 손실될 수 있습니다.
MFCApplication3View.cpp(1725): warning C4244: '인수': 'float'에서 'int'(으)로 변환하면서 데이터가 손실될 수 있습니다.
MFCApplication3View.cpp(1726): warning C4244: '인수': 'float'에서 'int'(으)로 변환하면서 데이터가 손실될 수 있습니다.
MFCApplication3View.cpp(1728): warning C4244: '인수': 'float'에서 'int'(으)로 변환하면서 데이터가 손실될 수 있습니다.
MFCApplication3View.cpp(1736): warning C4244: '인수': 'float'에서 'int'(으)로 변환하면서 데이터가 손실될 수 있습니다.
MFCApplication3View.cpp(1739): warning C4244: '인수': 'float'에서 'int'(으)로 변환하면서 데이터가 손실될 수 있습니다.
MFCApplication3View.cpp(1740): warning C4244: '인수': 'float'에서 'int'(으)로 변환하면서 데이터가 손실될 수 있습니다.
MFCApplication3View.cpp(1744): warning C4244: '인수': 'float'에서 'int'(으)로 변환하면서 데이터가 손실될 수 있습니다.
MFCApplication3View.cpp(1745): warning C4244: '인수': 'float'에서 'int'(으)로 변환하면서 데이터가 손실될 수 있습니다.
MFCApplication3View.cpp(1747): warning C4244: '인수': 'float'에서 'int'(으)로 변환하면서 데이터가 손실될 수 있습니다.
MFCApplication3View.cpp(1811): warning C4244: '인수': 'int'에서 'float'(으)로 변환하면서 데이터가 손실될 수 있습니다.
MFCApplication3View.cpp(2001): warning C4244: '인수': 'float'에서 'long'(으)로 변환하면서 데이터가 손실될 수 있습니다.
MFCApplication3View.cpp(2001): warning C4244: '인수': 'float'에서 'int'(으)로 변환하면서 데이터가 손실될 수 있습니다.
MFCApplication3View.cpp(2002): warning C4244: '인수': 'float'에서 'long'(으)로 변환하면서 데이터가 손실될 수 있습니다.
MFCApplication3View.cpp(2002): warning C4244: '인수': 'float'에서 'int'(으)로 변환하면서 데이터가 손실될 수 있습니다.
MFCApplication3View.cpp(584): warning C4101: 'originToVertex2' :참조되지 않은 지역 변수입니다.
MFCApplication3View.cpp(583): warning C4101: 'dotResult3' :참조되지 않은 지역 변수입니다.
MFCApplication3View.cpp(583): warning C4101: 'dotResult2' :참조되지 않은 지역 변수입니다.
MFCApplication3View.cpp(584): warning C4101: 'originToVertex3' :참조되지 않은 지역 변수입니다.
MFCApplication3View.cpp(583): warning C4101: 'dotResultParallel' :참조되지 않은 지역 변수입니다.
MFCApplication3View.cpp(583): warning C4101: 'dotResult1' :참조되지 않은 지역 변수입니다.
MFCApplication3View.cpp(589): warning C4101: 'prevBrush' :참조되지 않은 지역 변수입니다.
MFCApplication3View.cpp(586): warning C4101: 'bPtr' :참조되지 않은 지역 변수입니다.
MFCApplication3View.cpp(584): warning C4101: 'originToVertex1' :참조되지 않은 지역 변수입니다.
MFCApplication3View.cpp(583): warning C4101: 'dotProd' :참조되지 않은 지역 변수입니다.
MFCApplication3View.cpp(587): warning C4101: 'bCount' :참조되지 않은 지역 변수입니다.
MFCApplication3View.cpp(585): warning C4101: 'rgbRate' :참조되지 않은 지역 변수입니다.
MFCApplication3View.cpp(2009): warning C4101: 'rgbTemp_2' :참조되지 않은 지역 변수입니다.
MFCApplication3View.cpp(2006): warning C4101: 'prevBrush' :참조되지 않은 지역 변수입니다.
MFCApplication3View.cpp(2766): warning C4244: '인수': 'float'에서 'int'(으)로 변환하면서 데이터가 손실될 수 있습니다.
MFCApplication3View.cpp(2770): warning C4244: '인수': 'float'에서 'int'(으)로 변환하면서 데이터가 손실될 수 있습니다.
MFCApplication3View.cpp(2939): warning C4244: '=': 'LONG'에서 'float'(으)로 변환하면서 데이터가 손실될 수 있습니다.
MFCApplication3View.cpp(2940): warning C4244: '=': 'LONG'에서 'float'(으)로 변환하면서 데이터가 손실될 수 있습니다.
MFCApplication3View.cpp(2955): warning C4101: 'viewPtr' :참조되지 않은 지역 변수입니다.
MFCApplication3View.cpp(3048): warning C4101: 'viewPtr' :참조되지 않은 지역 변수입니다.
MFCApplication3View.cpp(3231): warning C4101: 'viewPtr' :참조되지 않은 지역 변수입니다.
MFCApplication3View.cpp(3358): warning C4018: '<': signed 또는 unsigned가 일치하지 않습니다.
MFCApplication3View.cpp(3377): warning C4018: '<': signed 또는 unsigned가 일치하지 않습니다.
MFCApplication3View.cpp(3392): warning C4018: '<': signed 또는 unsigned가 일치하지 않습니다.
MFCApplication3View.cpp(3411): warning C4018: '<': signed 또는 unsigned가 일치하지 않습니다.
MFCApplication3View.cpp(3426): warning C4018: '<': signed 또는 unsigned가 일치하지 않습니다.
MFCApplication3View.cpp(3445): warning C4018: '<': signed 또는 unsigned가 일치하지 않습니다.
MFCApplication3View.cpp(3647): warning C4244: '+=': 'float'에서 'int'(으)로 변환하면서 데이터가 손실될 수 있습니다.
MFCApplication3View.cpp(3648): warning C4244: '+=': 'float'에서 'int'(으)로 변환하면서 데이터가 손실될 수 있습니다.
MFCApplication3View.cpp(3649): warning C4244: '+=': 'float'에서 'int'(으)로 변환하면서 데이터가 손실될 수 있습니다.
MFCApplication3View.cpp(3657): warning C4244: '+=': 'float'에서 'int'(으)로 변환하면서 데이터가 손실될 수 있습니다.
MFCApplication3View.cpp(3658): warning C4244: '+=': 'float'에서 'int'(으)로 변환하면서 데이터가 손실될 수 있습니다.
MFCApplication3View.cpp(3659): warning C4244: '+=': 'float'에서 'int'(으)로 변환하면서 데이터가 손실될 수 있습니다.
MFCApplication3View.cpp(3667): warning C4244: '+=': 'float'에서 'int'(으)로 변환하면서 데이터가 손실될 수 있습니다.
MFCApplication3View.cpp(3668): warning C4244: '+=': 'float'에서 'int'(으)로 변환하면서 데이터가 손실될 수 있습니다.
MFCApplication3View.cpp(3669): warning C4244: '+=': 'float'에서 'int'(으)로 변환하면서 데이터가 손실될 수 있습니다.
MFCApplication3View.cpp(3680): warning C4244: '-=': 'float'에서 'int'(으)로 변환하면서 데이터가 손실될 수 있습니다.
MFCApplication3View.cpp(3681): warning C4244: '-=': 'float'에서 'int'(으)로 변환하면서 데이터가 손실될 수 있습니다.
MFCApplication3View.cpp(3682): warning C4244: '-=': 'float'에서 'int'(으)로 변환하면서 데이터가 손실될 수 있습니다.
MFCApplication3View.cpp(3690): warning C4244: '-=': 'float'에서 'int'(으)로 변환하면서 데이터가 손실될 수 있습니다.
MFCApplication3View.cpp(3691): warning C4244: '-=': 'float'에서 'int'(으)로 변환하면서 데이터가 손실될 수 있습니다.
MFCApplication3View.cpp(3692): warning C4244: '-=': 'float'에서 'int'(으)로 변환하면서 데이터가 손실될 수 있습니다.
MFCApplication3View.cpp(3700): warning C4244: '-=': 'float'에서 'int'(으)로 변환하면서 데이터가 손실될 수 있습니다.
MFCApplication3View.cpp(3701): warning C4244: '-=': 'float'에서 'int'(으)로 변환하면서 데이터가 손실될 수 있습니다.
MFCApplication3View.cpp(3702): warning C4244: '-=': 'float'에서 'int'(으)로 변환하면서 데이터가 손실될 수 있습니다.
MFCApplication3View.cpp(3713): warning C4244: '+=': 'float'에서 'int'(으)로 변환하면서 데이터가 손실될 수 있습니다.
MFCApplication3View.cpp(3714): warning C4244: '+=': 'float'에서 'int'(으)로 변환하면서 데이터가 손실될 수 있습니다.
MFCApplication3View.cpp(3715): warning C4244: '+=': 'float'에서 'int'(으)로 변환하면서 데이터가 손실될 수 있습니다.
MFCApplication3View.cpp(3723): warning C4244: '+=': 'float'에서 'int'(으)로 변환하면서 데이터가 손실될 수 있습니다.
MFCApplication3View.cpp(3724): warning C4244: '+=': 'float'에서 'int'(으)로 변환하면서 데이터가 손실될 수 있습니다.
MFCApplication3View.cpp(3725): warning C4244: '+=': 'float'에서 'int'(으)로 변환하면서 데이터가 손실될 수 있습니다.
MFCApplication3View.cpp(3733): warning C4244: '+=': 'float'에서 'int'(으)로 변환하면서 데이터가 손실될 수 있습니다.
MFCApplication3View.cpp(3734): warning C4244: '+=': 'float'에서 'int'(으)로 변환하면서 데이터가 손실될 수 있습니다.
MFCApplication3View.cpp(3735): warning C4244: '+=': 'float'에서 'int'(으)로 변환하면서 데이터가 손실될 수 있습니다.
MFCApplication3View.cpp(3746): warning C4244: '-=': 'float'에서 'int'(으)로 변환하면서 데이터가 손실될 수 있습니다.
MFCApplication3View.cpp(3747): warning C4244: '-=': 'float'에서 'int'(으)로 변환하면서 데이터가 손실될 수 있습니다.
MFCApplication3View.cpp(3748): warning C4244: '-=': 'float'에서 'int'(으)로 변환하면서 데이터가 손실될 수 있습니다.
MFCApplication3View.cpp(3756): warning C4244: '-=': 'float'에서 'int'(으)로 변환하면서 데이터가 손실될 수 있습니다.
MFCApplication3View.cpp(3757): warning C4244: '-=': 'float'에서 'int'(으)로 변환하면서 데이터가 손실될 수 있습니다.
MFCApplication3View.cpp(3758): warning C4244: '-=': 'float'에서 'int'(으)로 변환하면서 데이터가 손실될 수 있습니다.
MFCApplication3View.cpp(3766): warning C4244: '-=': 'float'에서 'int'(으)로 변환하면서 데이터가 손실될 수 있습니다.
MFCApplication3View.cpp(3767): warning C4244: '-=': 'float'에서 'int'(으)로 변환하면서 데이터가 손실될 수 있습니다.
MFCApplication3View.cpp(3768): warning C4244: '-=': 'float'에서 'int'(으)로 변환하면서 데이터가 손실될 수 있습니다.
  MainFrm.cpp
  Matrix.cpp
Matrix.cpp(99): warning C4838: 'double'에서 'float'(으)로의 변환에는 축소 변환이 필요합니다.
Matrix.cpp(99): warning C4244: '초기화 중': 'double'에서 'float'(으)로 변환하면서 데이터가 손실될 수 있습니다.
Matrix.cpp(100): warning C4838: 'double'에서 'float'(으)로의 변환에는 축소 변환이 필요합니다.
Matrix.cpp(100): warning C4244: '초기화 중': 'double'에서 'float'(으)로 변환하면서 데이터가 손실될 수 있습니다.
Matrix.cpp(101): warning C4838: 'double'에서 'float'(으)로의 변환에는 축소 변환이 필요합니다.
Matrix.cpp(101): warning C4244: '초기화 중': 'double'에서 'float'(으)로 변환하면서 데이터가 손실될 수 있습니다.
Matrix.cpp(148): warning C4244: '초기화 중': 'double'에서 'float'(으)로 변환하면서 데이터가 손실될 수 있습니다.
Matrix.cpp(794): warning C4244: '초기화 중': 'double'에서 'float'(으)로 변환하면서 데이터가 손실될 수 있습니다.
Matrix.cpp(795): warning C4244: '초기화 중': 'double'에서 'float'(으)로 변환하면서 데이터가 손실될 수 있습니다.
Matrix.cpp(796): warning C4244: '초기화 중': 'double'에서 'float'(으)로 변환하면서 데이터가 손실될 수 있습니다.
Matrix.cpp(798): warning C4244: 'return': 'double'에서 'float'(으)로 변환하면서 데이터가 손실될 수 있습니다.
Matrix.cpp(809): warning C4101: 'rgbRate' :참조되지 않은 지역 변수입니다.
Matrix.cpp(858): warning C4244: '인수': 'float'에서 'long'(으)로 변환하면서 데이터가 손실될 수 있습니다.
Matrix.cpp(858): warning C4244: '인수': 'float'에서 'int'(으)로 변환하면서 데이터가 손실될 수 있습니다.
Matrix.cpp(859): warning C4244: '인수': 'float'에서 'long'(으)로 변환하면서 데이터가 손실될 수 있습니다.
Matrix.cpp(859): warning C4244: '인수': 'float'에서 'int'(으)로 변환하면서 데이터가 손실될 수 있습니다.
Matrix.cpp(860): warning C4244: '인수': 'float'에서 'long'(으)로 변환하면서 데이터가 손실될 수 있습니다.
Matrix.cpp(860): warning C4244: '인수': 'float'에서 'int'(으)로 변환하면서 데이터가 손실될 수 있습니다.
Matrix.cpp(861): warning C4244: '인수': 'float'에서 'long'(으)로 변환하면서 데이터가 손실될 수 있습니다.
Matrix.cpp(861): warning C4244: '인수': 'float'에서 'int'(으)로 변환하면서 데이터가 손실될 수 있습니다.
Matrix.cpp(877): warning C4244: '인수': 'float'에서 'long'(으)로 변환하면서 데이터가 손실될 수 있습니다.
Matrix.cpp(877): warning C4244: '인수': 'float'에서 'int'(으)로 변환하면서 데이터가 손실될 수 있습니다.
Matrix.cpp(878): warning C4244: '인수': 'float'에서 'long'(으)로 변환하면서 데이터가 손실될 수 있습니다.
Matrix.cpp(878): warning C4244: '인수': 'float'에서 'int'(으)로 변환하면서 데이터가 손실될 수 있습니다.
Matrix.cpp(879): warning C4244: '인수': 'float'에서 'long'(으)로 변환하면서 데이터가 손실될 수 있습니다.
Matrix.cpp(879): warning C4244: '인수': 'float'에서 'int'(으)로 변환하면서 데이터가 손실될 수 있습니다.
Matrix.cpp(880): warning C4244: '인수': 'float'에서 'long'(으)로 변환하면서 데이터가 손실될 수 있습니다.
Matrix.cpp(880): warning C4244: '인수': 'float'에서 'int'(으)로 변환하면서 데이터가 손실될 수 있습니다.
Matrix.cpp(846): warning C4101: 'dotProd' :참조되지 않은 지역 변수입니다.
Matrix.cpp(898): warning C4244: '인수': 'float'에서 'long'(으)로 변환하면서 데이터가 손실될 수 있습니다.
Matrix.cpp(898): warning C4244: '인수': 'float'에서 'int'(으)로 변환하면서 데이터가 손실될 수 있습니다.
Matrix.cpp(899): warning C4244: '인수': 'float'에서 'long'(으)로 변환하면서 데이터가 손실될 수 있습니다.
Matrix.cpp(899): warning C4244: '인수': 'float'에서 'int'(으)로 변환하면서 데이터가 손실될 수 있습니다.
Matrix.cpp(900): warning C4244: '인수': 'float'에서 'long'(으)로 변환하면서 데이터가 손실될 수 있습니다.
Matrix.cpp(900): warning C4244: '인수': 'float'에서 'int'(으)로 변환하면서 데이터가 손실될 수 있습니다.
Matrix.cpp(901): warning C4244: '인수': 'float'에서 'long'(으)로 변환하면서 데이터가 손실될 수 있습니다.
Matrix.cpp(901): warning C4244: '인수': 'float'에서 'int'(으)로 변환하면서 데이터가 손실될 수 있습니다.
Matrix.cpp(909): warning C4244: '인수': 'float'에서 'long'(으)로 변환하면서 데이터가 손실될 수 있습니다.
Matrix.cpp(909): warning C4244: '인수': 'float'에서 'int'(으)로 변환하면서 데이터가 손실될 수 있습니다.
Matrix.cpp(910): warning C4244: '인수': 'float'에서 'long'(으)로 변환하면서 데이터가 손실될 수 있습니다.
Matrix.cpp(910): warning C4244: '인수': 'float'에서 'int'(으)로 변환하면서 데이터가 손실될 수 있습니다.
Matrix.cpp(911): warning C4244: '인수': 'float'에서 'long'(으)로 변환하면서 데이터가 손실될 수 있습니다.
Matrix.cpp(911): warning C4244: '인수': 'float'에서 'int'(으)로 변환하면서 데이터가 손실될 수 있습니다.
Matrix.cpp(912): warning C4244: '인수': 'float'에서 'long'(으)로 변환하면서 데이터가 손실될 수 있습니다.
Matrix.cpp(912): warning C4244: '인수': 'float'에서 'int'(으)로 변환하면서 데이터가 손실될 수 있습니다.
Matrix.cpp(919): warning C4244: '인수': 'float'에서 'long'(으)로 변환하면서 데이터가 손실될 수 있습니다.
Matrix.cpp(919): warning C4244: '인수': 'float'에서 'int'(으)로 변환하면서 데이터가 손실될 수 있습니다.
Matrix.cpp(920): warning C4244: '인수': 'float'에서 'long'(으)로 변환하면서 데이터가 손실될 수 있습니다.
Matrix.cpp(920): warning C4244: '인수': 'float'에서 'int'(으)로 변환하면서 데이터가 손실될 수 있습니다.
Matrix.cpp(923): warning C4244: '인수': 'float'에서 'long'(으)로 변환하면서 데이터가 손실될 수 있습니다.
Matrix.cpp(923): warning C4244: '인수': 'float'에서 'int'(으)로 변환하면서 데이터가 손실될 수 있습니다.
Matrix.cpp(927): warning C4244: '인수': 'float'에서 'long'(으)로 변환하면서 데이터가 손실될 수 있습니다.
Matrix.cpp(927): warning C4244: '인수': 'float'에서 'int'(으)로 변환하면서 데이터가 손실될 수 있습니다.
Matrix.cpp(929): warning C4244: '인수': 'float'에서 'long'(으)로 변환하면서 데이터가 손실될 수 있습니다.
Matrix.cpp(929): warning C4244: '인수': 'float'에서 'int'(으)로 변환하면서 데이터가 손실될 수 있습니다.
Matrix.cpp(939): warning C4244: '인수': 'float'에서 'long'(으)로 변환하면서 데이터가 손실될 수 있습니다.
Matrix.cpp(939): warning C4244: '인수': 'float'에서 'int'(으)로 변환하면서 데이터가 손실될 수 있습니다.
Matrix.cpp(940): warning C4244: '인수': 'float'에서 'long'(으)로 변환하면서 데이터가 손실될 수 있습니다.
Matrix.cpp(940): warning C4244: '인수': 'float'에서 'int'(으)로 변환하면서 데이터가 손실될 수 있습니다.
Matrix.cpp(943): warning C4244: '인수': 'float'에서 'long'(으)로 변환하면서 데이터가 손실될 수 있습니다.
Matrix.cpp(943): warning C4244: '인수': 'float'에서 'int'(으)로 변환하면서 데이터가 손실될 수 있습니다.
Matrix.cpp(947): warning C4244: '인수': 'float'에서 'long'(으)로 변환하면서 데이터가 손실될 수 있습니다.
Matrix.cpp(947): warning C4244: '인수': 'float'에서 'int'(으)로 변환하면서 데이터가 손실될 수 있습니다.
Matrix.cpp(949): warning C4244: '인수': 'float'에서 'long'(으)로 변환하면서 데이터가 손실될 수 있습니다.
Matrix.cpp(949): warning C4244: '인수': 'float'에서 'int'(으)로 변환하면서 데이터가 손실될 수 있습니다.
Matrix.cpp(958): warning C4244: '인수': 'float'에서 'long'(으)로 변환하면서 데이터가 손실될 수 있습니다.
Matrix.cpp(958): warning C4244: '인수': 'float'에서 'int'(으)로 변환하면서 데이터가 손실될 수 있습니다.
Matrix.cpp(959): warning C4244: '인수': 'float'에서 'long'(으)로 변환하면서 데이터가 손실될 수 있습니다.
Matrix.cpp(959): warning C4244: '인수': 'float'에서 'int'(으)로 변환하면서 데이터가 손실될 수 있습니다.
Matrix.cpp(960): warning C4244: '인수': 'float'에서 'long'(으)로 변환하면서 데이터가 손실될 수 있습니다.
Matrix.cpp(960): warning C4244: '인수': 'float'에서 'int'(으)로 변환하면서 데이터가 손실될 수 있습니다.
Matrix.cpp(961): warning C4244: '인수': 'float'에서 'long'(으)로 변환하면서 데이터가 손실될 수 있습니다.
Matrix.cpp(961): warning C4244: '인수': 'float'에서 'int'(으)로 변환하면서 데이터가 손실될 수 있습니다.
Matrix.cpp(971): warning C4244: '인수': 'float'에서 'long'(으)로 변환하면서 데이터가 손실될 수 있습니다.
Matrix.cpp(971): warning C4244: '인수': 'float'에서 'int'(으)로 변환하면서 데이터가 손실될 수 있습니다.
Matrix.cpp(972): warning C4244: '인수': 'float'에서 'long'(으)로 변환하면서 데이터가 손실될 수 있습니다.
Matrix.cpp(972): warning C4244: '인수': 'float'에서 'int'(으)로 변환하면서 데이터가 손실될 수 있습니다.
Matrix.cpp(973): warning C4244: '인수': 'float'에서 'long'(으)로 변환하면서 데이터가 손실될 수 있습니다.
Matrix.cpp(973): warning C4244: '인수': 'float'에서 'int'(으)로 변환하면서 데이터가 손실될 수 있습니다.
Matrix.cpp(974): warning C4244: '인수': 'float'에서 'long'(으)로 변환하면서 데이터가 손실될 수 있습니다.
Matrix.cpp(974): warning C4244: '인수': 'float'에서 'int'(으)로 변환하면서 데이터가 손실될 수 있습니다.
  코드를 생성하고 있습니다.
  51 of 691 functions ( 7.4%) were compiled, the rest were copied from previous compilation.
    1 functions were new in current compilation
    3 functions had inline decision re-evaluated but remain unchanged
  코드를 생성했습니다.
  MFCApplication3.vcxproj -> D:\VS_Project\MFCApplication3\Release\MFCApplication3.exe
  MFCApplication3.vcxproj -> D:\VS_Project\MFCApplication3\Release\MFCApplication3.pdb (Full PDB)
