d:\vs_project\mfcapplication3\mfcapplication3\release\vc140.pdb
d:\vs_project\mfcapplication3\mfcapplication3\release\matrix.obj
d:\vs_project\mfcapplication3\mfcapplication3\release\mainfrm.obj
d:\vs_project\mfcapplication3\mfcapplication3\release\mfcapplication3view.obj
d:\vs_project\mfcapplication3\mfcapplication3\release\mfcapplication3.obj
d:\vs_project\mfcapplication3\mfcapplication3\release\figure.obj
d:\vs_project\mfcapplication3\mfcapplication3\release\mfcapplication3.pch
d:\vs_project\mfcapplication3\mfcapplication3\release\stdafx.obj
d:\vs_project\mfcapplication3\mfcapplication3\release\mfcapplication3doc.obj
d:\vs_project\mfcapplication3\release\mfcapplication3.exe
d:\vs_project\mfcapplication3\release\mfcapplication3.ipdb
d:\vs_project\mfcapplication3\release\mfcapplication3.iobj
d:\vs_project\mfcapplication3\release\mfcapplication3.pdb
d:\vs_project\mfcapplication3\mfcapplication3\release\mfcapplication3.res
d:\vs_project\mfcapplication3\mfcapplication3\release\mfcapplication3.tlog\cl.command.1.tlog
d:\vs_project\mfcapplication3\mfcapplication3\release\mfcapplication3.tlog\cl.read.1.tlog
d:\vs_project\mfcapplication3\mfcapplication3\release\mfcapplication3.tlog\cl.write.1.tlog
d:\vs_project\mfcapplication3\mfcapplication3\release\mfcapplication3.tlog\link.command.1.tlog
d:\vs_project\mfcapplication3\mfcapplication3\release\mfcapplication3.tlog\link.read.1.tlog
d:\vs_project\mfcapplication3\mfcapplication3\release\mfcapplication3.tlog\link.write.1.tlog
d:\vs_project\mfcapplication3\mfcapplication3\release\mfcapplication3.tlog\rc.command.1.tlog
d:\vs_project\mfcapplication3\mfcapplication3\release\mfcapplication3.tlog\rc.read.1.tlog
d:\vs_project\mfcapplication3\mfcapplication3\release\mfcapplication3.tlog\rc.write.1.tlog
